<?xml version="1.0" encoding="UTF-8"?>
<testng-results skipped="0" failed="0" ignored="0" total="1" passed="1">
  <reporter-output>
  </reporter-output>
  <suite name="Default suite" duration-ms="6660" started-at="2020-01-22T06:00:15Z" finished-at="2020-01-22T06:00:21Z">
    <groups>
    </groups>
    <test name="Default test" duration-ms="6660" started-at="2020-01-22T06:00:15Z" finished-at="2020-01-22T06:00:21Z">
      <class name="pageObjectModelTest.HomePageTest">
        <test-method status="PASS" signature="testCheckBoxes()[pri:0, instance:pageObjectModelTest.HomePageTest@5e3a8624]" name="testCheckBoxes" duration-ms="6627" started-at="2020-01-22T06:00:15Z" finished-at="2020-01-22T06:00:21Z">
          <reporter-output>
          </reporter-output>
        </test-method> <!-- testCheckBoxes -->
      </class> <!-- pageObjectModelTest.HomePageTest -->
    </test> <!-- Default test -->
  </suite> <!-- Default suite -->
</testng-results>
